{"total": {"lines":{"total":34199,"covered":5392,"skipped":0,"pct":15.76},"statements":{"total":34199,"covered":5392,"skipped":0,"pct":15.76},"functions":{"total":475,"covered":161,"skipped":0,"pct":33.89},"branches":{"total":720,"covered":351,"skipped":0,"pct":48.75},"branchesTrue":{"total":0,"covered":0,"skipped":0,"pct":100}}
,"C:\\Projects\\DanteForge\\src\\cli\\index.ts": {"lines":{"total":555,"covered":0,"skipped":0,"pct":0},"functions":{"total":1,"covered":0,"skipped":0,"pct":0},"statements":{"total":555,"covered":0,"skipped":0,"pct":0},"branches":{"total":1,"covered":0,"skipped":0,"pct":0}}
,"C:\\Projects\\DanteForge\\src\\cli\\commands\\audit.ts": {"lines":{"total":30,"covered":0,"skipped":0,"pct":0},"functions":{"total":1,"covered":0,"skipped":0,"pct":0},"statements":{"total":30,"covered":0,"skipped":0,"pct":0},"branches":{"total":1,"covered":0,"skipped":0,"pct":0}}
,"C:\\Projects\\DanteForge\\src\\cli\\commands\\autoforge.ts": {"lines":{"total":445,"covered":426,"skipped":0,"pct":95.73},"functions":{"total":8,"covered":8,"skipped":0,"pct":100},"statements":{"total":445,"covered":426,"skipped":0,"pct":95.73},"branches":{"total":76,"covered":47,"skipped":0,"pct":61.84}}
,"C:\\Projects\\DanteForge\\src\\cli\\commands\\autoresearch.ts": {"lines":{"total":638,"covered":0,"skipped":0,"pct":0},"functions":{"total":1,"covered":0,"skipped":0,"pct":0},"statements":{"total":638,"covered":0,"skipped":0,"pct":0},"branches":{"total":1,"covered":0,"skipped":0,"pct":0}}
,"C:\\Projects\\DanteForge\\src\\cli\\commands\\awesome-scan.ts": {"lines":{"total":88,"covered":0,"skipped":0,"pct":0},"functions":{"total":1,"covered":0,"skipped":0,"pct":0},"statements":{"total":88,"covered":0,"skipped":0,"pct":0},"branches":{"total":1,"covered":0,"skipped":0,"pct":0}}
,"C:\\Projects\\DanteForge\\src\\cli\\commands\\blaze.ts": {"lines":{"total":1,"covered":0,"skipped":0,"pct":0},"functions":{"total":1,"covered":0,"skipped":0,"pct":0},"statements":{"total":1,"covered":0,"skipped":0,"pct":0},"branches":{"total":1,"covered":0,"skipped":0,"pct":0}}
,"C:\\Projects\\DanteForge\\src\\cli\\commands\\browse.ts": {"lines":{"total":73,"covered":0,"skipped":0,"pct":0},"functions":{"total":1,"covered":0,"skipped":0,"pct":0},"statements":{"total":73,"covered":0,"skipped":0,"pct":0},"branches":{"total":1,"covered":0,"skipped":0,"pct":0}}
,"C:\\Projects\\DanteForge\\src\\cli\\commands\\canvas.ts": {"lines":{"total":1,"covered":0,"skipped":0,"pct":0},"functions":{"total":1,"covered":0,"skipped":0,"pct":0},"statements":{"total":1,"covered":0,"skipped":0,"pct":0},"branches":{"total":1,"covered":0,"skipped":0,"pct":0}}
,"C:\\Projects\\DanteForge\\src\\cli\\commands\\clarify.ts": {"lines":{"total":96,"covered":0,"skipped":0,"pct":0},"functions":{"total":1,"covered":0,"skipped":0,"pct":0},"statements":{"total":96,"covered":0,"skipped":0,"pct":0},"branches":{"total":1,"covered":0,"skipped":0,"pct":0}}
,"C:\\Projects\\DanteForge\\src\\cli\\commands\\compact.ts": {"lines":{"total":40,"covered":0,"skipped":0,"pct":0},"functions":{"total":1,"covered":0,"skipped":0,"pct":0},"statements":{"total":40,"covered":0,"skipped":0,"pct":0},"branches":{"total":1,"covered":0,"skipped":0,"pct":0}}
,"C:\\Projects\\DanteForge\\src\\cli\\commands\\config.ts": {"lines":{"total":126,"covered":0,"skipped":0,"pct":0},"functions":{"total":1,"covered":0,"skipped":0,"pct":0},"statements":{"total":126,"covered":0,"skipped":0,"pct":0},"branches":{"total":1,"covered":0,"skipped":0,"pct":0}}
,"C:\\Projects\\DanteForge\\src\\cli\\commands\\constitution.ts": {"lines":{"total":19,"covered":0,"skipped":0,"pct":0},"functions":{"total":1,"covered":0,"skipped":0,"pct":0},"statements":{"total":19,"covered":0,"skipped":0,"pct":0},"branches":{"total":1,"covered":0,"skipped":0,"pct":0}}
,"C:\\Projects\\DanteForge\\src\\cli\\commands\\cost.ts": {"lines":{"total":177,"covered":0,"skipped":0,"pct":0},"functions":{"total":1,"covered":0,"skipped":0,"pct":0},"statements":{"total":177,"covered":0,"skipped":0,"pct":0},"branches":{"total":1,"covered":0,"skipped":0,"pct":0}}
,"C:\\Projects\\DanteForge\\src\\cli\\commands\\dashboard.ts": {"lines":{"total":208,"covered":0,"skipped":0,"pct":0},"functions":{"total":1,"covered":0,"skipped":0,"pct":0},"statements":{"total":208,"covered":0,"skipped":0,"pct":0},"branches":{"total":1,"covered":0,"skipped":0,"pct":0}}
,"C:\\Projects\\DanteForge\\src\\cli\\commands\\debug.ts": {"lines":{"total":94,"covered":0,"skipped":0,"pct":0},"functions":{"total":1,"covered":0,"skipped":0,"pct":0},"statements":{"total":94,"covered":0,"skipped":0,"pct":0},"branches":{"total":1,"covered":0,"skipped":0,"pct":0}}
,"C:\\Projects\\DanteForge\\src\\cli\\commands\\design.ts": {"lines":{"total":123,"covered":0,"skipped":0,"pct":0},"functions":{"total":1,"covered":0,"skipped":0,"pct":0},"statements":{"total":123,"covered":0,"skipped":0,"pct":0},"branches":{"total":1,"covered":0,"skipped":0,"pct":0}}
,"C:\\Projects\\DanteForge\\src\\cli\\commands\\docs.ts": {"lines":{"total":137,"covered":0,"skipped":0,"pct":0},"functions":{"total":1,"covered":0,"skipped":0,"pct":0},"statements":{"total":137,"covered":0,"skipped":0,"pct":0},"branches":{"total":1,"covered":0,"skipped":0,"pct":0}}
,"C:\\Projects\\DanteForge\\src\\cli\\commands\\doctor.ts": {"lines":{"total":513,"covered":0,"skipped":0,"pct":0},"functions":{"total":1,"covered":0,"skipped":0,"pct":0},"statements":{"total":513,"covered":0,"skipped":0,"pct":0},"branches":{"total":1,"covered":0,"skipped":0,"pct":0}}
,"C:\\Projects\\DanteForge\\src\\cli\\commands\\ember.ts": {"lines":{"total":1,"covered":0,"skipped":0,"pct":0},"functions":{"total":1,"covered":0,"skipped":0,"pct":0},"statements":{"total":1,"covered":0,"skipped":0,"pct":0},"branches":{"total":1,"covered":0,"skipped":0,"pct":0}}
,"C:\\Projects\\DanteForge\\src\\cli\\commands\\feedback-prompt.ts": {"lines":{"total":100,"covered":0,"skipped":0,"pct":0},"functions":{"total":1,"covered":0,"skipped":0,"pct":0},"statements":{"total":100,"covered":0,"skipped":0,"pct":0},"branches":{"total":1,"covered":0,"skipped":0,"pct":0}}
,"C:\\Projects\\DanteForge\\src\\cli\\commands\\forge.ts": {"lines":{"total":71,"covered":0,"skipped":0,"pct":0},"functions":{"total":1,"covered":0,"skipped":0,"pct":0},"statements":{"total":71,"covered":0,"skipped":0,"pct":0},"branches":{"total":1,"covered":0,"skipped":0,"pct":0}}
,"C:\\Projects\\DanteForge\\src\\cli\\commands\\harvest.ts": {"lines":{"total":454,"covered":0,"skipped":0,"pct":0},"functions":{"total":1,"covered":0,"skipped":0,"pct":0},"statements":{"total":454,"covered":0,"skipped":0,"pct":0},"branches":{"total":1,"covered":0,"skipped":0,"pct":0}}
,"C:\\Projects\\DanteForge\\src\\cli\\commands\\help.ts": {"lines":{"total":109,"covered":0,"skipped":0,"pct":0},"functions":{"total":1,"covered":0,"skipped":0,"pct":0},"statements":{"total":109,"covered":0,"skipped":0,"pct":0},"branches":{"total":1,"covered":0,"skipped":0,"pct":0}}
,"C:\\Projects\\DanteForge\\src\\cli\\commands\\import.ts": {"lines":{"total":154,"covered":0,"skipped":0,"pct":0},"functions":{"total":1,"covered":0,"skipped":0,"pct":0},"statements":{"total":154,"covered":0,"skipped":0,"pct":0},"branches":{"total":1,"covered":0,"skipped":0,"pct":0}}
,"C:\\Projects\\DanteForge\\src\\cli\\commands\\index.ts": {"lines":{"total":53,"covered":0,"skipped":0,"pct":0},"functions":{"total":1,"covered":0,"skipped":0,"pct":0},"statements":{"total":53,"covered":0,"skipped":0,"pct":0},"branches":{"total":1,"covered":0,"skipped":0,"pct":0}}
,"C:\\Projects\\DanteForge\\src\\cli\\commands\\inferno.ts": {"lines":{"total":1,"covered":0,"skipped":0,"pct":0},"functions":{"total":1,"covered":0,"skipped":0,"pct":0},"statements":{"total":1,"covered":0,"skipped":0,"pct":0},"branches":{"total":1,"covered":0,"skipped":0,"pct":0}}
,"C:\\Projects\\DanteForge\\src\\cli\\commands\\init.ts": {"lines":{"total":123,"covered":0,"skipped":0,"pct":0},"functions":{"total":1,"covered":0,"skipped":0,"pct":0},"statements":{"total":123,"covered":0,"skipped":0,"pct":0},"branches":{"total":1,"covered":0,"skipped":0,"pct":0}}
,"C:\\Projects\\DanteForge\\src\\cli\\commands\\lessons.ts": {"lines":{"total":367,"covered":63,"skipped":0,"pct":17.16},"functions":{"total":9,"covered":3,"skipped":0,"pct":33.33},"statements":{"total":367,"covered":63,"skipped":0,"pct":17.16},"branches":{"total":4,"covered":3,"skipped":0,"pct":75}}
,"C:\\Projects\\DanteForge\\src\\cli\\commands\\local-harvest.ts": {"lines":{"total":268,"covered":0,"skipped":0,"pct":0},"functions":{"total":1,"covered":0,"skipped":0,"pct":0},"statements":{"total":268,"covered":0,"skipped":0,"pct":0},"branches":{"total":1,"covered":0,"skipped":0,"pct":0}}
,"C:\\Projects\\DanteForge\\src\\cli\\commands\\magic.ts": {"lines":{"total":675,"covered":0,"skipped":0,"pct":0},"functions":{"total":1,"covered":0,"skipped":0,"pct":0},"statements":{"total":675,"covered":0,"skipped":0,"pct":0},"branches":{"total":1,"covered":0,"skipped":0,"pct":0}}
,"C:\\Projects\\DanteForge\\src\\cli\\commands\\mcp-server.ts": {"lines":{"total":15,"covered":0,"skipped":0,"pct":0},"functions":{"total":1,"covered":0,"skipped":0,"pct":0},"statements":{"total":15,"covered":0,"skipped":0,"pct":0},"branches":{"total":1,"covered":0,"skipped":0,"pct":0}}
,"C:\\Projects\\DanteForge\\src\\cli\\commands\\nova.ts": {"lines":{"total":1,"covered":0,"skipped":0,"pct":0},"functions":{"total":1,"covered":0,"skipped":0,"pct":0},"statements":{"total":1,"covered":0,"skipped":0,"pct":0},"branches":{"total":1,"covered":0,"skipped":0,"pct":0}}
,"C:\\Projects\\DanteForge\\src\\cli\\commands\\oss.ts": {"lines":{"total":671,"covered":0,"skipped":0,"pct":0},"functions":{"total":1,"covered":0,"skipped":0,"pct":0},"statements":{"total":671,"covered":0,"skipped":0,"pct":0},"branches":{"total":1,"covered":0,"skipped":0,"pct":0}}
,"C:\\Projects\\DanteForge\\src\\cli\\commands\\party.ts": {"lines":{"total":38,"covered":0,"skipped":0,"pct":0},"functions":{"total":1,"covered":0,"skipped":0,"pct":0},"statements":{"total":38,"covered":0,"skipped":0,"pct":0},"branches":{"total":1,"covered":0,"skipped":0,"pct":0}}
,"C:\\Projects\\DanteForge\\src\\cli\\commands\\plan.ts": {"lines":{"total":83,"covered":0,"skipped":0,"pct":0},"functions":{"total":1,"covered":0,"skipped":0,"pct":0},"statements":{"total":83,"covered":0,"skipped":0,"pct":0},"branches":{"total":1,"covered":0,"skipped":0,"pct":0}}
,"C:\\Projects\\DanteForge\\src\\cli\\commands\\policy.ts": {"lines":{"total":39,"covered":0,"skipped":0,"pct":0},"functions":{"total":1,"covered":0,"skipped":0,"pct":0},"statements":{"total":39,"covered":0,"skipped":0,"pct":0},"branches":{"total":1,"covered":0,"skipped":0,"pct":0}}
,"C:\\Projects\\DanteForge\\src\\cli\\commands\\premium.ts": {"lines":{"total":91,"covered":0,"skipped":0,"pct":0},"functions":{"total":1,"covered":0,"skipped":0,"pct":0},"statements":{"total":91,"covered":0,"skipped":0,"pct":0},"branches":{"total":1,"covered":0,"skipped":0,"pct":0}}
,"C:\\Projects\\DanteForge\\src\\cli\\commands\\profile.ts": {"lines":{"total":276,"covered":0,"skipped":0,"pct":0},"functions":{"total":1,"covered":0,"skipped":0,"pct":0},"statements":{"total":276,"covered":0,"skipped":0,"pct":0},"branches":{"total":1,"covered":0,"skipped":0,"pct":0}}
,"C:\\Projects\\DanteForge\\src\\cli\\commands\\qa.ts": {"lines":{"total":114,"covered":0,"skipped":0,"pct":0},"functions":{"total":1,"covered":0,"skipped":0,"pct":0},"statements":{"total":114,"covered":0,"skipped":0,"pct":0},"branches":{"total":1,"covered":0,"skipped":0,"pct":0}}
,"C:\\Projects\\DanteForge\\src\\cli\\commands\\retro.ts": {"lines":{"total":78,"covered":0,"skipped":0,"pct":0},"functions":{"total":1,"covered":0,"skipped":0,"pct":0},"statements":{"total":78,"covered":0,"skipped":0,"pct":0},"branches":{"total":1,"covered":0,"skipped":0,"pct":0}}
,"C:\\Projects\\DanteForge\\src\\cli\\commands\\review.ts": {"lines":{"total":374,"covered":0,"skipped":0,"pct":0},"functions":{"total":1,"covered":0,"skipped":0,"pct":0},"statements":{"total":374,"covered":0,"skipped":0,"pct":0},"branches":{"total":1,"covered":0,"skipped":0,"pct":0}}
,"C:\\Projects\\DanteForge\\src\\cli\\commands\\setup-assistants.ts": {"lines":{"total":78,"covered":0,"skipped":0,"pct":0},"functions":{"total":1,"covered":0,"skipped":0,"pct":0},"statements":{"total":78,"covered":0,"skipped":0,"pct":0},"branches":{"total":1,"covered":0,"skipped":0,"pct":0}}
,"C:\\Projects\\DanteForge\\src\\cli\\commands\\setup-figma.ts": {"lines":{"total":84,"covered":0,"skipped":0,"pct":0},"functions":{"total":1,"covered":0,"skipped":0,"pct":0},"statements":{"total":84,"covered":0,"skipped":0,"pct":0},"branches":{"total":1,"covered":0,"skipped":0,"pct":0}}
,"C:\\Projects\\DanteForge\\src\\cli\\commands\\setup-ollama.ts": {"lines":{"total":45,"covered":0,"skipped":0,"pct":0},"functions":{"total":1,"covered":0,"skipped":0,"pct":0},"statements":{"total":45,"covered":0,"skipped":0,"pct":0},"branches":{"total":1,"covered":0,"skipped":0,"pct":0}}
,"C:\\Projects\\DanteForge\\src\\cli\\commands\\ship.ts": {"lines":{"total":68,"covered":0,"skipped":0,"pct":0},"functions":{"total":1,"covered":0,"skipped":0,"pct":0},"statements":{"total":68,"covered":0,"skipped":0,"pct":0},"branches":{"total":1,"covered":0,"skipped":0,"pct":0}}
,"C:\\Projects\\DanteForge\\src\\cli\\commands\\skills-import.ts": {"lines":{"total":38,"covered":0,"skipped":0,"pct":0},"functions":{"total":1,"covered":0,"skipped":0,"pct":0},"statements":{"total":38,"covered":0,"skipped":0,"pct":0},"branches":{"total":1,"covered":0,"skipped":0,"pct":0}}
,"C:\\Projects\\DanteForge\\src\\cli\\commands\\spark.ts": {"lines":{"total":1,"covered":0,"skipped":0,"pct":0},"functions":{"total":1,"covered":0,"skipped":0,"pct":0},"statements":{"total":1,"covered":0,"skipped":0,"pct":0},"branches":{"total":1,"covered":0,"skipped":0,"pct":0}}
,"C:\\Projects\\DanteForge\\src\\cli\\commands\\specify.ts": {"lines":{"total":87,"covered":0,"skipped":0,"pct":0},"functions":{"total":1,"covered":0,"skipped":0,"pct":0},"statements":{"total":87,"covered":0,"skipped":0,"pct":0},"branches":{"total":1,"covered":0,"skipped":0,"pct":0}}
,"C:\\Projects\\DanteForge\\src\\cli\\commands\\synthesize.ts": {"lines":{"total":177,"covered":0,"skipped":0,"pct":0},"functions":{"total":1,"covered":0,"skipped":0,"pct":0},"statements":{"total":177,"covered":0,"skipped":0,"pct":0},"branches":{"total":1,"covered":0,"skipped":0,"pct":0}}
,"C:\\Projects\\DanteForge\\src\\cli\\commands\\tasks.ts": {"lines":{"total":106,"covered":0,"skipped":0,"pct":0},"functions":{"total":1,"covered":0,"skipped":0,"pct":0},"statements":{"total":106,"covered":0,"skipped":0,"pct":0},"branches":{"total":1,"covered":0,"skipped":0,"pct":0}}
,"C:\\Projects\\DanteForge\\src\\cli\\commands\\tech-decide.ts": {"lines":{"total":295,"covered":0,"skipped":0,"pct":0},"functions":{"total":1,"covered":0,"skipped":0,"pct":0},"statements":{"total":295,"covered":0,"skipped":0,"pct":0},"branches":{"total":1,"covered":0,"skipped":0,"pct":0}}
,"C:\\Projects\\DanteForge\\src\\cli\\commands\\update-mcp.ts": {"lines":{"total":244,"covered":0,"skipped":0,"pct":0},"functions":{"total":1,"covered":0,"skipped":0,"pct":0},"statements":{"total":244,"covered":0,"skipped":0,"pct":0},"branches":{"total":1,"covered":0,"skipped":0,"pct":0}}
,"C:\\Projects\\DanteForge\\src\\cli\\commands\\ux-refine.ts": {"lines":{"total":259,"covered":0,"skipped":0,"pct":0},"functions":{"total":1,"covered":0,"skipped":0,"pct":0},"statements":{"total":259,"covered":0,"skipped":0,"pct":0},"branches":{"total":1,"covered":0,"skipped":0,"pct":0}}
,"C:\\Projects\\DanteForge\\src\\cli\\commands\\verify.ts": {"lines":{"total":452,"covered":0,"skipped":0,"pct":0},"functions":{"total":1,"covered":0,"skipped":0,"pct":0},"statements":{"total":452,"covered":0,"skipped":0,"pct":0},"branches":{"total":1,"covered":0,"skipped":0,"pct":0}}
,"C:\\Projects\\DanteForge\\src\\core\\agent-dag.ts": {"lines":{"total":409,"covered":0,"skipped":0,"pct":0},"functions":{"total":1,"covered":0,"skipped":0,"pct":0},"statements":{"total":409,"covered":0,"skipped":0,"pct":0},"branches":{"total":1,"covered":0,"skipped":0,"pct":0}}
,"C:\\Projects\\DanteForge\\src\\core\\assistant-installer.ts": {"lines":{"total":591,"covered":0,"skipped":0,"pct":0},"functions":{"total":1,"covered":0,"skipped":0,"pct":0},"statements":{"total":591,"covered":0,"skipped":0,"pct":0},"branches":{"total":1,"covered":0,"skipped":0,"pct":0}}
,"C:\\Projects\\DanteForge\\src\\core\\autoforge-loop.ts": {"lines":{"total":654,"covered":142,"skipped":0,"pct":21.71},"functions":{"total":14,"covered":1,"skipped":0,"pct":7.14},"statements":{"total":654,"covered":142,"skipped":0,"pct":21.71},"branches":{"total":2,"covered":2,"skipped":0,"pct":100}}
,"C:\\Projects\\DanteForge\\src\\core\\autoforge.ts": {"lines":{"total":602,"covered":483,"skipped":0,"pct":80.23},"functions":{"total":8,"covered":7,"skipped":0,"pct":87.5},"statements":{"total":602,"covered":483,"skipped":0,"pct":80.23},"branches":{"total":105,"covered":73,"skipped":0,"pct":69.52}}
,"C:\\Projects\\DanteForge\\src\\core\\autoresearch-engine.ts": {"lines":{"total":280,"covered":0,"skipped":0,"pct":0},"functions":{"total":1,"covered":0,"skipped":0,"pct":0},"statements":{"total":280,"covered":0,"skipped":0,"pct":0},"branches":{"total":1,"covered":0,"skipped":0,"pct":0}}
,"C:\\Projects\\DanteForge\\src\\core\\browse-adapter.ts": {"lines":{"total":219,"covered":0,"skipped":0,"pct":0},"functions":{"total":1,"covered":0,"skipped":0,"pct":0},"statements":{"total":219,"covered":0,"skipped":0,"pct":0},"branches":{"total":1,"covered":0,"skipped":0,"pct":0}}
,"C:\\Projects\\DanteForge\\src\\core\\ceo-review-engine.ts": {"lines":{"total":175,"covered":0,"skipped":0,"pct":0},"functions":{"total":1,"covered":0,"skipped":0,"pct":0},"statements":{"total":175,"covered":0,"skipped":0,"pct":0},"branches":{"total":1,"covered":0,"skipped":0,"pct":0}}
,"C:\\Projects\\DanteForge\\src\\core\\circuit-breaker.ts": {"lines":{"total":112,"covered":78,"skipped":0,"pct":69.64},"functions":{"total":8,"covered":4,"skipped":0,"pct":50},"statements":{"total":112,"covered":78,"skipped":0,"pct":69.64},"branches":{"total":11,"covered":8,"skipped":0,"pct":72.72}}
,"C:\\Projects\\DanteForge\\src\\core\\completion-tracker.ts": {"lines":{"total":280,"covered":256,"skipped":0,"pct":91.42},"functions":{"total":5,"covered":5,"skipped":0,"pct":100},"statements":{"total":280,"covered":256,"skipped":0,"pct":91.42},"branches":{"total":34,"covered":11,"skipped":0,"pct":32.35}}
,"C:\\Projects\\DanteForge\\src\\core\\complexity-classifier.ts": {"lines":{"total":449,"covered":345,"skipped":0,"pct":76.83},"functions":{"total":14,"covered":10,"skipped":0,"pct":71.42},"statements":{"total":449,"covered":345,"skipped":0,"pct":76.83},"branches":{"total":42,"covered":16,"skipped":0,"pct":38.09}}
,"C:\\Projects\\DanteForge\\src\\core\\config.ts": {"lines":{"total":210,"covered":133,"skipped":0,"pct":63.33},"functions":{"total":15,"covered":6,"skipped":0,"pct":40},"statements":{"total":210,"covered":133,"skipped":0,"pct":63.33},"branches":{"total":12,"covered":6,"skipped":0,"pct":50}}
,"C:\\Projects\\DanteForge\\src\\core\\context-compressor.ts": {"lines":{"total":595,"covered":209,"skipped":0,"pct":35.12},"functions":{"total":14,"covered":1,"skipped":0,"pct":7.14},"statements":{"total":595,"covered":209,"skipped":0,"pct":35.12},"branches":{"total":1,"covered":1,"skipped":0,"pct":100}}
,"C:\\Projects\\DanteForge\\src\\core\\context-injector.ts": {"lines":{"total":205,"covered":40,"skipped":0,"pct":19.51},"functions":{"total":6,"covered":1,"skipped":0,"pct":16.66},"statements":{"total":205,"covered":40,"skipped":0,"pct":19.51},"branches":{"total":1,"covered":1,"skipped":0,"pct":100}}
,"C:\\Projects\\DanteForge\\src\\core\\design-rules-engine.ts": {"lines":{"total":633,"covered":0,"skipped":0,"pct":0},"functions":{"total":1,"covered":0,"skipped":0,"pct":0},"statements":{"total":633,"covered":0,"skipped":0,"pct":0},"branches":{"total":1,"covered":0,"skipped":0,"pct":0}}
,"C:\\Projects\\DanteForge\\src\\core\\design-rules-helpers.ts": {"lines":{"total":118,"covered":0,"skipped":0,"pct":0},"functions":{"total":1,"covered":0,"skipped":0,"pct":0},"statements":{"total":118,"covered":0,"skipped":0,"pct":0},"branches":{"total":1,"covered":0,"skipped":0,"pct":0}}
,"C:\\Projects\\DanteForge\\src\\core\\drift-detector.ts": {"lines":{"total":186,"covered":44,"skipped":0,"pct":23.65},"functions":{"total":8,"covered":1,"skipped":0,"pct":12.5},"statements":{"total":186,"covered":44,"skipped":0,"pct":23.65},"branches":{"total":1,"covered":1,"skipped":0,"pct":100}}
,"C:\\Projects\\DanteForge\\src\\core\\errors.ts": {"lines":{"total":67,"covered":49,"skipped":0,"pct":73.13},"functions":{"total":8,"covered":7,"skipped":0,"pct":87.5},"statements":{"total":67,"covered":49,"skipped":0,"pct":73.13},"branches":{"total":8,"covered":7,"skipped":0,"pct":87.5}}
,"C:\\Projects\\DanteForge\\src\\core\\escalation.ts": {"lines":{"total":135,"covered":0,"skipped":0,"pct":0},"functions":{"total":1,"covered":0,"skipped":0,"pct":0},"statements":{"total":135,"covered":0,"skipped":0,"pct":0},"branches":{"total":1,"covered":0,"skipped":0,"pct":0}}
,"C:\\Projects\\DanteForge\\src\\core\\execution-telemetry.ts": {"lines":{"total":275,"covered":0,"skipped":0,"pct":0},"functions":{"total":1,"covered":0,"skipped":0,"pct":0},"statements":{"total":275,"covered":0,"skipped":0,"pct":0},"branches":{"total":1,"covered":0,"skipped":0,"pct":0}}
,"C:\\Projects\\DanteForge\\src\\core\\fix-packet.ts": {"lines":{"total":250,"covered":0,"skipped":0,"pct":0},"functions":{"total":1,"covered":0,"skipped":0,"pct":0},"statements":{"total":250,"covered":0,"skipped":0,"pct":0},"branches":{"total":1,"covered":0,"skipped":0,"pct":0}}
,"C:\\Projects\\DanteForge\\src\\core\\gates.ts": {"lines":{"total":235,"covered":68,"skipped":0,"pct":28.93},"functions":{"total":15,"covered":2,"skipped":0,"pct":13.33},"statements":{"total":235,"covered":68,"skipped":0,"pct":28.93},"branches":{"total":2,"covered":2,"skipped":0,"pct":100}}
,"C:\\Projects\\DanteForge\\src\\core\\handoff.ts": {"lines":{"total":81,"covered":0,"skipped":0,"pct":0},"functions":{"total":1,"covered":0,"skipped":0,"pct":0},"statements":{"total":81,"covered":0,"skipped":0,"pct":0},"branches":{"total":1,"covered":0,"skipped":0,"pct":0}}
,"C:\\Projects\\DanteForge\\src\\core\\harvest-engine.ts": {"lines":{"total":251,"covered":0,"skipped":0,"pct":0},"functions":{"total":1,"covered":0,"skipped":0,"pct":0},"statements":{"total":251,"covered":0,"skipped":0,"pct":0},"branches":{"total":1,"covered":0,"skipped":0,"pct":0}}
,"C:\\Projects\\DanteForge\\src\\core\\headless-spawner.ts": {"lines":{"total":446,"covered":0,"skipped":0,"pct":0},"functions":{"total":1,"covered":0,"skipped":0,"pct":0},"statements":{"total":446,"covered":0,"skipped":0,"pct":0},"branches":{"total":1,"covered":0,"skipped":0,"pct":0}}
,"C:\\Projects\\DanteForge\\src\\core\\lessons-index.ts": {"lines":{"total":169,"covered":76,"skipped":0,"pct":44.97},"functions":{"total":6,"covered":2,"skipped":0,"pct":33.33},"statements":{"total":169,"covered":76,"skipped":0,"pct":44.97},"branches":{"total":7,"covered":3,"skipped":0,"pct":42.85}}
,"C:\\Projects\\DanteForge\\src\\core\\llm-cache.ts": {"lines":{"total":103,"covered":0,"skipped":0,"pct":0},"functions":{"total":1,"covered":0,"skipped":0,"pct":0},"statements":{"total":103,"covered":0,"skipped":0,"pct":0},"branches":{"total":1,"covered":0,"skipped":0,"pct":0}}
,"C:\\Projects\\DanteForge\\src\\core\\llm-config.ts": {"lines":{"total":6,"covered":6,"skipped":0,"pct":100},"functions":{"total":0,"covered":0,"skipped":0,"pct":100},"statements":{"total":6,"covered":6,"skipped":0,"pct":100},"branches":{"total":0,"covered":0,"skipped":0,"pct":100}}
,"C:\\Projects\\DanteForge\\src\\core\\llm-pipeline.ts": {"lines":{"total":197,"covered":113,"skipped":0,"pct":57.36},"functions":{"total":8,"covered":5,"skipped":0,"pct":62.5},"statements":{"total":197,"covered":113,"skipped":0,"pct":57.36},"branches":{"total":17,"covered":8,"skipped":0,"pct":47.05}}
,"C:\\Projects\\DanteForge\\src\\core\\llm-stream.ts": {"lines":{"total":47,"covered":0,"skipped":0,"pct":0},"functions":{"total":1,"covered":0,"skipped":0,"pct":0},"statements":{"total":47,"covered":0,"skipped":0,"pct":0},"branches":{"total":1,"covered":0,"skipped":0,"pct":0}}
,"C:\\Projects\\DanteForge\\src\\core\\llm.ts": {"lines":{"total":593,"covered":322,"skipped":0,"pct":54.3},"functions":{"total":38,"covered":20,"skipped":0,"pct":52.63},"statements":{"total":593,"covered":322,"skipped":0,"pct":54.3},"branches":{"total":57,"covered":26,"skipped":0,"pct":45.61}}
,"C:\\Projects\\DanteForge\\src\\core\\local-artifacts.ts": {"lines":{"total":259,"covered":0,"skipped":0,"pct":0},"functions":{"total":1,"covered":0,"skipped":0,"pct":0},"statements":{"total":259,"covered":0,"skipped":0,"pct":0},"branches":{"total":1,"covered":0,"skipped":0,"pct":0}}
,"C:\\Projects\\DanteForge\\src\\core\\local-harvester.ts": {"lines":{"total":515,"covered":0,"skipped":0,"pct":0},"functions":{"total":1,"covered":0,"skipped":0,"pct":0},"statements":{"total":515,"covered":0,"skipped":0,"pct":0},"branches":{"total":1,"covered":0,"skipped":0,"pct":0}}
,"C:\\Projects\\DanteForge\\src\\core\\local-transforms.ts": {"lines":{"total":605,"covered":0,"skipped":0,"pct":0},"functions":{"total":1,"covered":0,"skipped":0,"pct":0},"statements":{"total":605,"covered":0,"skipped":0,"pct":0},"branches":{"total":1,"covered":0,"skipped":0,"pct":0}}
,"C:\\Projects\\DanteForge\\src\\core\\logger.ts": {"lines":{"total":41,"covered":40,"skipped":0,"pct":97.56},"functions":{"total":6,"covered":3,"skipped":0,"pct":50},"statements":{"total":41,"covered":40,"skipped":0,"pct":97.56},"branches":{"total":8,"covered":7,"skipped":0,"pct":87.5}}
,"C:\\Projects\\DanteForge\\src\\core\\loop-detector.ts": {"lines":{"total":122,"covered":48,"skipped":0,"pct":39.34},"functions":{"total":5,"covered":1,"skipped":0,"pct":20},"statements":{"total":122,"covered":48,"skipped":0,"pct":39.34},"branches":{"total":1,"covered":1,"skipped":0,"pct":100}}
,"C:\\Projects\\DanteForge\\src\\core\\magic-presets.ts": {"lines":{"total":409,"covered":167,"skipped":0,"pct":40.83},"functions":{"total":8,"covered":1,"skipped":0,"pct":12.5},"statements":{"total":409,"covered":167,"skipped":0,"pct":40.83},"branches":{"total":1,"covered":1,"skipped":0,"pct":100}}
,"C:\\Projects\\DanteForge\\src\\core\\mcp-adapter.ts": {"lines":{"total":263,"covered":156,"skipped":0,"pct":59.31},"functions":{"total":11,"covered":6,"skipped":0,"pct":54.54},"statements":{"total":263,"covered":156,"skipped":0,"pct":59.31},"branches":{"total":21,"covered":10,"skipped":0,"pct":47.61}}
,"C:\\Projects\\DanteForge\\src\\core\\mcp-parallel.ts": {"lines":{"total":98,"covered":0,"skipped":0,"pct":0},"functions":{"total":1,"covered":0,"skipped":0,"pct":0},"statements":{"total":98,"covered":0,"skipped":0,"pct":0},"branches":{"total":1,"covered":0,"skipped":0,"pct":0}}
,"C:\\Projects\\DanteForge\\src\\core\\mcp-server.ts": {"lines":{"total":692,"covered":0,"skipped":0,"pct":0},"functions":{"total":1,"covered":0,"skipped":0,"pct":0},"statements":{"total":692,"covered":0,"skipped":0,"pct":0},"branches":{"total":1,"covered":0,"skipped":0,"pct":0}}
,"C:\\Projects\\DanteForge\\src\\core\\mcp.ts": {"lines":{"total":339,"covered":112,"skipped":0,"pct":33.03},"functions":{"total":9,"covered":3,"skipped":0,"pct":33.33},"statements":{"total":339,"covered":112,"skipped":0,"pct":33.03},"branches":{"total":15,"covered":4,"skipped":0,"pct":26.66}}
,"C:\\Projects\\DanteForge\\src\\core\\memory-engine.ts": {"lines":{"total":228,"covered":74,"skipped":0,"pct":32.45},"functions":{"total":8,"covered":5,"skipped":0,"pct":62.5},"statements":{"total":228,"covered":74,"skipped":0,"pct":32.45},"branches":{"total":10,"covered":8,"skipped":0,"pct":80}}
,"C:\\Projects\\DanteForge\\src\\core\\memory-store.ts": {"lines":{"total":60,"covered":59,"skipped":0,"pct":98.33},"functions":{"total":5,"covered":5,"skipped":0,"pct":100},"statements":{"total":60,"covered":59,"skipped":0,"pct":98.33},"branches":{"total":11,"covered":8,"skipped":0,"pct":72.72}}
,"C:\\Projects\\DanteForge\\src\\core\\model-profile-engine.ts": {"lines":{"total":568,"covered":270,"skipped":0,"pct":47.53},"functions":{"total":23,"covered":13,"skipped":0,"pct":56.52},"statements":{"total":568,"covered":270,"skipped":0,"pct":47.53},"branches":{"total":36,"covered":28,"skipped":0,"pct":77.77}}
,"C:\\Projects\\DanteForge\\src\\core\\model-profile.ts": {"lines":{"total":206,"covered":186,"skipped":0,"pct":90.29},"functions":{"total":5,"covered":3,"skipped":0,"pct":60},"statements":{"total":206,"covered":186,"skipped":0,"pct":90.29},"branches":{"total":10,"covered":8,"skipped":0,"pct":80}}
,"C:\\Projects\\DanteForge\\src\\core\\oss-researcher.ts": {"lines":{"total":483,"covered":0,"skipped":0,"pct":0},"functions":{"total":1,"covered":0,"skipped":0,"pct":0},"statements":{"total":483,"covered":0,"skipped":0,"pct":0},"branches":{"total":1,"covered":0,"skipped":0,"pct":0}}
,"C:\\Projects\\DanteForge\\src\\core\\paranoid-review.ts": {"lines":{"total":216,"covered":0,"skipped":0,"pct":0},"functions":{"total":1,"covered":0,"skipped":0,"pct":0},"statements":{"total":216,"covered":0,"skipped":0,"pct":0},"branches":{"total":1,"covered":0,"skipped":0,"pct":0}}
,"C:\\Projects\\DanteForge\\src\\core\\pdse-config.ts": {"lines":{"total":142,"covered":142,"skipped":0,"pct":100},"functions":{"total":0,"covered":0,"skipped":0,"pct":100},"statements":{"total":142,"covered":142,"skipped":0,"pct":100},"branches":{"total":0,"covered":0,"skipped":0,"pct":100}}
,"C:\\Projects\\DanteForge\\src\\core\\pdse.ts": {"lines":{"total":476,"covered":152,"skipped":0,"pct":31.93},"functions":{"total":8,"covered":3,"skipped":0,"pct":37.5},"statements":{"total":476,"covered":152,"skipped":0,"pct":31.93},"branches":{"total":8,"covered":5,"skipped":0,"pct":62.5}}
,"C:\\Projects\\DanteForge\\src\\core\\premium.ts": {"lines":{"total":121,"covered":0,"skipped":0,"pct":0},"functions":{"total":1,"covered":0,"skipped":0,"pct":0},"statements":{"total":121,"covered":0,"skipped":0,"pct":0},"branches":{"total":1,"covered":0,"skipped":0,"pct":0}}
,"C:\\Projects\\DanteForge\\src\\core\\prompt-builder.ts": {"lines":{"total":300,"covered":72,"skipped":0,"pct":24},"functions":{"total":12,"covered":1,"skipped":0,"pct":8.33},"statements":{"total":300,"covered":72,"skipped":0,"pct":24},"branches":{"total":1,"covered":1,"skipped":0,"pct":100}}
,"C:\\Projects\\DanteForge\\src\\core\\qa-runner.ts": {"lines":{"total":204,"covered":0,"skipped":0,"pct":0},"functions":{"total":1,"covered":0,"skipped":0,"pct":0},"statements":{"total":204,"covered":0,"skipped":0,"pct":0},"branches":{"total":1,"covered":0,"skipped":0,"pct":0}}
,"C:\\Projects\\DanteForge\\src\\core\\qa-scorer.ts": {"lines":{"total":220,"covered":0,"skipped":0,"pct":0},"functions":{"total":1,"covered":0,"skipped":0,"pct":0},"statements":{"total":220,"covered":0,"skipped":0,"pct":0},"branches":{"total":1,"covered":0,"skipped":0,"pct":0}}
,"C:\\Projects\\DanteForge\\src\\core\\reflection-engine.ts": {"lines":{"total":366,"covered":102,"skipped":0,"pct":27.86},"functions":{"total":12,"covered":2,"skipped":0,"pct":16.66},"statements":{"total":366,"covered":102,"skipped":0,"pct":27.86},"branches":{"total":3,"covered":2,"skipped":0,"pct":66.66}}
,"C:\\Projects\\DanteForge\\src\\core\\retro-engine.ts": {"lines":{"total":284,"covered":0,"skipped":0,"pct":0},"functions":{"total":1,"covered":0,"skipped":0,"pct":0},"statements":{"total":284,"covered":0,"skipped":0,"pct":0},"branches":{"total":1,"covered":0,"skipped":0,"pct":0}}
,"C:\\Projects\\DanteForge\\src\\core\\safe-self-edit.ts": {"lines":{"total":236,"covered":84,"skipped":0,"pct":35.59},"functions":{"total":7,"covered":1,"skipped":0,"pct":14.28},"statements":{"total":236,"covered":84,"skipped":0,"pct":35.59},"branches":{"total":1,"covered":1,"skipped":0,"pct":100}}
,"C:\\Projects\\DanteForge\\src\\core\\seven-levels.ts": {"lines":{"total":392,"covered":378,"skipped":0,"pct":96.42},"functions":{"total":13,"covered":13,"skipped":0,"pct":100},"statements":{"total":392,"covered":378,"skipped":0,"pct":96.42},"branches":{"total":49,"covered":23,"skipped":0,"pct":46.93}}
,"C:\\Projects\\DanteForge\\src\\core\\ship-engine.ts": {"lines":{"total":282,"covered":0,"skipped":0,"pct":0},"functions":{"total":1,"covered":0,"skipped":0,"pct":0},"statements":{"total":282,"covered":0,"skipped":0,"pct":0},"branches":{"total":1,"covered":0,"skipped":0,"pct":0}}
,"C:\\Projects\\DanteForge\\src\\core\\skill-registry.ts": {"lines":{"total":230,"covered":0,"skipped":0,"pct":0},"functions":{"total":1,"covered":0,"skipped":0,"pct":0},"statements":{"total":230,"covered":0,"skipped":0,"pct":0},"branches":{"total":1,"covered":0,"skipped":0,"pct":0}}
,"C:\\Projects\\DanteForge\\src\\core\\skills-import.ts": {"lines":{"total":378,"covered":0,"skipped":0,"pct":0},"functions":{"total":1,"covered":0,"skipped":0,"pct":0},"statements":{"total":378,"covered":0,"skipped":0,"pct":0},"branches":{"total":1,"covered":0,"skipped":0,"pct":0}}
,"C:\\Projects\\DanteForge\\src\\core\\skills.ts": {"lines":{"total":186,"covered":64,"skipped":0,"pct":34.4},"functions":{"total":10,"covered":2,"skipped":0,"pct":20},"statements":{"total":186,"covered":64,"skipped":0,"pct":34.4},"branches":{"total":6,"covered":5,"skipped":0,"pct":83.33}}
,"C:\\Projects\\DanteForge\\src\\core\\spend-optimizer.ts": {"lines":{"total":290,"covered":0,"skipped":0,"pct":0},"functions":{"total":1,"covered":0,"skipped":0,"pct":0},"statements":{"total":290,"covered":0,"skipped":0,"pct":0},"branches":{"total":1,"covered":0,"skipped":0,"pct":0}}
,"C:\\Projects\\DanteForge\\src\\core\\standalone.ts": {"lines":{"total":123,"covered":0,"skipped":0,"pct":0},"functions":{"total":1,"covered":0,"skipped":0,"pct":0},"statements":{"total":123,"covered":0,"skipped":0,"pct":0},"branches":{"total":1,"covered":0,"skipped":0,"pct":0}}
,"C:\\Projects\\DanteForge\\src\\core\\state-cache.ts": {"lines":{"total":52,"covered":22,"skipped":0,"pct":42.3},"functions":{"total":6,"covered":1,"skipped":0,"pct":16.66},"statements":{"total":52,"covered":22,"skipped":0,"pct":42.3},"branches":{"total":1,"covered":1,"skipped":0,"pct":100}}
,"C:\\Projects\\DanteForge\\src\\core\\state.ts": {"lines":{"total":272,"covered":194,"skipped":0,"pct":71.32},"functions":{"total":8,"covered":6,"skipped":0,"pct":75},"statements":{"total":272,"covered":194,"skipped":0,"pct":71.32},"branches":{"total":23,"covered":12,"skipped":0,"pct":52.17}}
,"C:\\Projects\\DanteForge\\src\\core\\subagent-isolator.ts": {"lines":{"total":222,"covered":0,"skipped":0,"pct":0},"functions":{"total":1,"covered":0,"skipped":0,"pct":0},"statements":{"total":222,"covered":0,"skipped":0,"pct":0},"branches":{"total":1,"covered":0,"skipped":0,"pct":0}}
,"C:\\Projects\\DanteForge\\src\\core\\task-router.ts": {"lines":{"total":211,"covered":0,"skipped":0,"pct":0},"functions":{"total":1,"covered":0,"skipped":0,"pct":0},"statements":{"total":211,"covered":0,"skipped":0,"pct":0},"branches":{"total":1,"covered":0,"skipped":0,"pct":0}}
,"C:\\Projects\\DanteForge\\src\\core\\token-estimator.ts": {"lines":{"total":154,"covered":101,"skipped":0,"pct":65.58},"functions":{"total":6,"covered":4,"skipped":0,"pct":66.66},"statements":{"total":154,"covered":101,"skipped":0,"pct":65.58},"branches":{"total":7,"covered":4,"skipped":0,"pct":57.14}}
,"C:\\Projects\\DanteForge\\src\\core\\verifier.ts": {"lines":{"total":106,"covered":0,"skipped":0,"pct":0},"functions":{"total":1,"covered":0,"skipped":0,"pct":0},"statements":{"total":106,"covered":0,"skipped":0,"pct":0},"branches":{"total":1,"covered":0,"skipped":0,"pct":0}}
,"C:\\Projects\\DanteForge\\src\\core\\verify-receipts.ts": {"lines":{"total":140,"covered":0,"skipped":0,"pct":0},"functions":{"total":1,"covered":0,"skipped":0,"pct":0},"statements":{"total":140,"covered":0,"skipped":0,"pct":0},"branches":{"total":1,"covered":0,"skipped":0,"pct":0}}
,"C:\\Projects\\DanteForge\\src\\core\\workflow-enforcer.ts": {"lines":{"total":218,"covered":89,"skipped":0,"pct":40.82},"functions":{"total":7,"covered":3,"skipped":0,"pct":42.85},"statements":{"total":218,"covered":89,"skipped":0,"pct":40.82},"branches":{"total":5,"covered":5,"skipped":0,"pct":100}}
,"C:\\Projects\\DanteForge\\src\\harvested\\dante-agents\\help-engine.ts": {"lines":{"total":27,"covered":0,"skipped":0,"pct":0},"functions":{"total":1,"covered":0,"skipped":0,"pct":0},"statements":{"total":27,"covered":0,"skipped":0,"pct":0},"branches":{"total":1,"covered":0,"skipped":0,"pct":0}}
,"C:\\Projects\\DanteForge\\src\\harvested\\dante-agents\\party-mode.ts": {"lines":{"total":567,"covered":0,"skipped":0,"pct":0},"functions":{"total":1,"covered":0,"skipped":0,"pct":0},"statements":{"total":567,"covered":0,"skipped":0,"pct":0},"branches":{"total":1,"covered":0,"skipped":0,"pct":0}}
,"C:\\Projects\\DanteForge\\src\\harvested\\dante-agents\\agents\\architect.ts": {"lines":{"total":66,"covered":0,"skipped":0,"pct":0},"functions":{"total":1,"covered":0,"skipped":0,"pct":0},"statements":{"total":66,"covered":0,"skipped":0,"pct":0},"branches":{"total":1,"covered":0,"skipped":0,"pct":0}}
,"C:\\Projects\\DanteForge\\src\\harvested\\dante-agents\\agents\\design.ts": {"lines":{"total":73,"covered":0,"skipped":0,"pct":0},"functions":{"total":1,"covered":0,"skipped":0,"pct":0},"statements":{"total":73,"covered":0,"skipped":0,"pct":0},"branches":{"total":1,"covered":0,"skipped":0,"pct":0}}
,"C:\\Projects\\DanteForge\\src\\harvested\\dante-agents\\agents\\dev.ts": {"lines":{"total":72,"covered":0,"skipped":0,"pct":0},"functions":{"total":1,"covered":0,"skipped":0,"pct":0},"statements":{"total":72,"covered":0,"skipped":0,"pct":0},"branches":{"total":1,"covered":0,"skipped":0,"pct":0}}
,"C:\\Projects\\DanteForge\\src\\harvested\\dante-agents\\agents\\pm.ts": {"lines":{"total":58,"covered":0,"skipped":0,"pct":0},"functions":{"total":1,"covered":0,"skipped":0,"pct":0},"statements":{"total":58,"covered":0,"skipped":0,"pct":0},"branches":{"total":1,"covered":0,"skipped":0,"pct":0}}
,"C:\\Projects\\DanteForge\\src\\harvested\\dante-agents\\agents\\run-agent-llm.ts": {"lines":{"total":21,"covered":0,"skipped":0,"pct":0},"functions":{"total":1,"covered":0,"skipped":0,"pct":0},"statements":{"total":21,"covered":0,"skipped":0,"pct":0},"branches":{"total":1,"covered":0,"skipped":0,"pct":0}}
,"C:\\Projects\\DanteForge\\src\\harvested\\dante-agents\\agents\\scrum-master.ts": {"lines":{"total":69,"covered":0,"skipped":0,"pct":0},"functions":{"total":1,"covered":0,"skipped":0,"pct":0},"statements":{"total":69,"covered":0,"skipped":0,"pct":0},"branches":{"total":1,"covered":0,"skipped":0,"pct":0}}
,"C:\\Projects\\DanteForge\\src\\harvested\\dante-agents\\agents\\ux.ts": {"lines":{"total":69,"covered":0,"skipped":0,"pct":0},"functions":{"total":1,"covered":0,"skipped":0,"pct":0},"statements":{"total":69,"covered":0,"skipped":0,"pct":0},"branches":{"total":1,"covered":0,"skipped":0,"pct":0}}
,"C:\\Projects\\DanteForge\\src\\harvested\\gsd\\xml-utils.ts": {"lines":{"total":29,"covered":0,"skipped":0,"pct":0},"functions":{"total":1,"covered":0,"skipped":0,"pct":0},"statements":{"total":29,"covered":0,"skipped":0,"pct":0},"branches":{"total":1,"covered":0,"skipped":0,"pct":0}}
,"C:\\Projects\\DanteForge\\src\\harvested\\gsd\\agents\\executor.ts": {"lines":{"total":280,"covered":0,"skipped":0,"pct":0},"functions":{"total":1,"covered":0,"skipped":0,"pct":0},"statements":{"total":280,"covered":0,"skipped":0,"pct":0},"branches":{"total":1,"covered":0,"skipped":0,"pct":0}}
,"C:\\Projects\\DanteForge\\src\\harvested\\gsd\\agents\\planner.ts": {"lines":{"total":97,"covered":0,"skipped":0,"pct":0},"functions":{"total":1,"covered":0,"skipped":0,"pct":0},"statements":{"total":97,"covered":0,"skipped":0,"pct":0},"branches":{"total":1,"covered":0,"skipped":0,"pct":0}}
,"C:\\Projects\\DanteForge\\src\\harvested\\gsd\\agents\\researcher.ts": {"lines":{"total":78,"covered":0,"skipped":0,"pct":0},"functions":{"total":1,"covered":0,"skipped":0,"pct":0},"statements":{"total":78,"covered":0,"skipped":0,"pct":0},"branches":{"total":1,"covered":0,"skipped":0,"pct":0}}
,"C:\\Projects\\DanteForge\\src\\harvested\\gsd\\agents\\verifier.ts": {"lines":{"total":74,"covered":0,"skipped":0,"pct":0},"functions":{"total":1,"covered":0,"skipped":0,"pct":0},"statements":{"total":74,"covered":0,"skipped":0,"pct":0},"branches":{"total":1,"covered":0,"skipped":0,"pct":0}}
,"C:\\Projects\\DanteForge\\src\\harvested\\gsd\\hooks\\context-rot.ts": {"lines":{"total":52,"covered":27,"skipped":0,"pct":51.92},"functions":{"total":3,"covered":2,"skipped":0,"pct":66.66},"statements":{"total":52,"covered":27,"skipped":0,"pct":51.92},"branches":{"total":4,"covered":2,"skipped":0,"pct":50}}
,"C:\\Projects\\DanteForge\\src\\harvested\\openpencil\\adapter.ts": {"lines":{"total":212,"covered":0,"skipped":0,"pct":0},"functions":{"total":1,"covered":0,"skipped":0,"pct":0},"statements":{"total":212,"covered":0,"skipped":0,"pct":0},"branches":{"total":1,"covered":0,"skipped":0,"pct":0}}
,"C:\\Projects\\DanteForge\\src\\harvested\\openpencil\\headless-renderer.ts": {"lines":{"total":271,"covered":0,"skipped":0,"pct":0},"functions":{"total":1,"covered":0,"skipped":0,"pct":0},"statements":{"total":271,"covered":0,"skipped":0,"pct":0},"branches":{"total":1,"covered":0,"skipped":0,"pct":0}}
,"C:\\Projects\\DanteForge\\src\\harvested\\openpencil\\op-codec.ts": {"lines":{"total":388,"covered":0,"skipped":0,"pct":0},"functions":{"total":1,"covered":0,"skipped":0,"pct":0},"statements":{"total":388,"covered":0,"skipped":0,"pct":0},"branches":{"total":1,"covered":0,"skipped":0,"pct":0}}
,"C:\\Projects\\DanteForge\\src\\harvested\\openpencil\\spatial-decomposer.ts": {"lines":{"total":152,"covered":0,"skipped":0,"pct":0},"functions":{"total":1,"covered":0,"skipped":0,"pct":0},"statements":{"total":152,"covered":0,"skipped":0,"pct":0},"branches":{"total":1,"covered":0,"skipped":0,"pct":0}}
,"C:\\Projects\\DanteForge\\src\\harvested\\openpencil\\token-extractor.ts": {"lines":{"total":354,"covered":0,"skipped":0,"pct":0},"functions":{"total":1,"covered":0,"skipped":0,"pct":0},"statements":{"total":354,"covered":0,"skipped":0,"pct":0},"branches":{"total":1,"covered":0,"skipped":0,"pct":0}}
,"C:\\Projects\\DanteForge\\src\\harvested\\openpencil\\tool-context.ts": {"lines":{"total":223,"covered":0,"skipped":0,"pct":0},"functions":{"total":1,"covered":0,"skipped":0,"pct":0},"statements":{"total":223,"covered":0,"skipped":0,"pct":0},"branches":{"total":1,"covered":0,"skipped":0,"pct":0}}
,"C:\\Projects\\DanteForge\\src\\harvested\\openpencil\\tool-registry.ts": {"lines":{"total":421,"covered":0,"skipped":0,"pct":0},"functions":{"total":1,"covered":0,"skipped":0,"pct":0},"statements":{"total":421,"covered":0,"skipped":0,"pct":0},"branches":{"total":1,"covered":0,"skipped":0,"pct":0}}
,"C:\\Projects\\DanteForge\\src\\harvested\\openpencil\\executors\\analysis-executors.ts": {"lines":{"total":219,"covered":0,"skipped":0,"pct":0},"functions":{"total":1,"covered":0,"skipped":0,"pct":0},"statements":{"total":219,"covered":0,"skipped":0,"pct":0},"branches":{"total":1,"covered":0,"skipped":0,"pct":0}}
,"C:\\Projects\\DanteForge\\src\\harvested\\openpencil\\executors\\create-executors.ts": {"lines":{"total":157,"covered":0,"skipped":0,"pct":0},"functions":{"total":1,"covered":0,"skipped":0,"pct":0},"statements":{"total":157,"covered":0,"skipped":0,"pct":0},"branches":{"total":1,"covered":0,"skipped":0,"pct":0}}
,"C:\\Projects\\DanteForge\\src\\harvested\\openpencil\\executors\\modify-executors.ts": {"lines":{"total":176,"covered":0,"skipped":0,"pct":0},"functions":{"total":1,"covered":0,"skipped":0,"pct":0},"statements":{"total":176,"covered":0,"skipped":0,"pct":0},"branches":{"total":1,"covered":0,"skipped":0,"pct":0}}
,"C:\\Projects\\DanteForge\\src\\harvested\\openpencil\\executors\\read-executors.ts": {"lines":{"total":162,"covered":0,"skipped":0,"pct":0},"functions":{"total":1,"covered":0,"skipped":0,"pct":0},"statements":{"total":162,"covered":0,"skipped":0,"pct":0},"branches":{"total":1,"covered":0,"skipped":0,"pct":0}}
,"C:\\Projects\\DanteForge\\src\\harvested\\openpencil\\executors\\structure-executors.ts": {"lines":{"total":332,"covered":0,"skipped":0,"pct":0},"functions":{"total":1,"covered":0,"skipped":0,"pct":0},"statements":{"total":332,"covered":0,"skipped":0,"pct":0},"branches":{"total":1,"covered":0,"skipped":0,"pct":0}}
,"C:\\Projects\\DanteForge\\src\\harvested\\openpencil\\executors\\variable-executors.ts": {"lines":{"total":162,"covered":0,"skipped":0,"pct":0},"functions":{"total":1,"covered":0,"skipped":0,"pct":0},"statements":{"total":162,"covered":0,"skipped":0,"pct":0},"branches":{"total":1,"covered":0,"skipped":0,"pct":0}}
,"C:\\Projects\\DanteForge\\src\\harvested\\openpencil\\executors\\vector-executors.ts": {"lines":{"total":218,"covered":0,"skipped":0,"pct":0},"functions":{"total":1,"covered":0,"skipped":0,"pct":0},"statements":{"total":218,"covered":0,"skipped":0,"pct":0},"branches":{"total":1,"covered":0,"skipped":0,"pct":0}}
,"C:\\Projects\\DanteForge\\src\\harvested\\spec\\clarify-engine.ts": {"lines":{"total":137,"covered":0,"skipped":0,"pct":0},"functions":{"total":1,"covered":0,"skipped":0,"pct":0},"statements":{"total":137,"covered":0,"skipped":0,"pct":0},"branches":{"total":1,"covered":0,"skipped":0,"pct":0}}
,"C:\\Projects\\DanteForge\\src\\types\\optional-sdks.d.ts": {"lines":{"total":27,"covered":0,"skipped":0,"pct":0},"functions":{"total":1,"covered":0,"skipped":0,"pct":0},"statements":{"total":27,"covered":0,"skipped":0,"pct":0},"branches":{"total":1,"covered":0,"skipped":0,"pct":0}}
,"C:\\Projects\\DanteForge\\src\\utils\\git.ts": {"lines":{"total":33,"covered":0,"skipped":0,"pct":0},"functions":{"total":1,"covered":0,"skipped":0,"pct":0},"statements":{"total":33,"covered":0,"skipped":0,"pct":0},"branches":{"total":1,"covered":0,"skipped":0,"pct":0}}
,"C:\\Projects\\DanteForge\\src\\utils\\worktree.ts": {"lines":{"total":187,"covered":0,"skipped":0,"pct":0},"functions":{"total":1,"covered":0,"skipped":0,"pct":0},"statements":{"total":187,"covered":0,"skipped":0,"pct":0},"branches":{"total":1,"covered":0,"skipped":0,"pct":0}}
}
